<?xml version="1.0" encoding="UTF-8" ?>
<testsuite tests="5" failures="0" name="DifferentTypesOfInputTest" time="0.083" errors="0" skipped="0">
  <properties>
[...]
</properties>
  <testcase classname="DifferentTypesOfInputTest" name="correctOrder" time="0.042"/>
  <testcase classname="DifferentTypesOfInputTest" name="correctOuputForExample1" time="0.038"/>
  <testcase classname="DifferentTypesOfInputTest" name="correctOuputForExample2" time="0.002"/>
  <testcase classname="DifferentTypesOfInputTest" name="stringIsCastedIntoDouble" time="0.001"/>
  <testcase classname="DifferentTypesOfInputTest" name="stringIsCastedIntoInteger" time="0"/>
</testsuite>